{
  "RSpec": {
    "coverage": {
      "/home/marijus/Documents/Uni/Ruby/2/computerWorkshopCRM/workshop-crm/spec/client_spec.rb": [
        1,
        null,
        1,
        2,
        null,
        1,
        1,
        null,
        null
      ],
      "/home/marijus/Documents/Uni/Ruby/2/computerWorkshopCRM/workshop-crm/spec/rails_helper.rb": [
        null,
        1,
        1,
        null,
        1,
        1,
        1,
        null,
        null,
        null,
        null,
        null,
        null,
        null,
        null,
        null,
        null,
        null,
        null,
        null,
        null,
        null,
        null,
        null,
        null,
        null,
        1,
        null,
        1,
        null,
        1,
        null,
        null,
        null,
        null,
        1,
        null,
        null,
        null,
        null,
        null,
        null,
        null,
        null,
        null,
        null,
        null,
        null,
        null,
        null,
        1,
        null,
        null,
        1,
        null,
        null,
        null
      ],
      "/home/marijus/Documents/Uni/Ruby/2/computerWorkshopCRM/workshop-crm/config/environment.rb": [
        null,
        1,
        null,
        null,
        1
      ],
      "/home/marijus/Documents/Uni/Ruby/2/computerWorkshopCRM/workshop-crm/config/application.rb": [
        1,
        null,
        1,
        null,
        null,
        null,
        1,
        null,
        1,
        1,
        null,
        null,
        null,
        null,
        null,
        null,
        null,
        null,
        null,
        null,
        null,
        null,
        null,
        1,
        null,
        null
      ],
      "/home/marijus/Documents/Uni/Ruby/2/computerWorkshopCRM/workshop-crm/config/boot.rb": [
        1,
        null,
        1
      ],
      "/home/marijus/Documents/Uni/Ruby/2/computerWorkshopCRM/workshop-crm/config/environments/test.rb": [
        1,
        null,
        null,
        null,
        null,
        null,
        null,
        1,
        null,
        null,
        null,
        null,
        1,
        null,
        null,
        1,
        1,
        null,
        null,
        1,
        1,
        null,
        null,
        1,
        null,
        null,
        1,
        null,
        null,
        null,
        null,
        1,
        null,
        null,
        1,
        null,
        null,
        1,
        null,
        null,
        null,
        null
      ],
      "/home/marijus/Documents/Uni/Ruby/2/computerWorkshopCRM/workshop-crm/config/initializers/assets.rb": [
        null,
        null,
        null,
        1,
        null,
        null,
        null,
        null,
        null,
        null,
        null
      ],
      "/home/marijus/Documents/Uni/Ruby/2/computerWorkshopCRM/workshop-crm/config/initializers/backtrace_silencers.rb": [
        null,
        null,
        null,
        null,
        null,
        null,
        null
      ],
      "/home/marijus/Documents/Uni/Ruby/2/computerWorkshopCRM/workshop-crm/config/initializers/cookies_serializer.rb": [
        null,
        null,
        1
      ],
      "/home/marijus/Documents/Uni/Ruby/2/computerWorkshopCRM/workshop-crm/config/initializers/filter_parameter_logging.rb": [
        null,
        null,
        null,
        1
      ],
      "/home/marijus/Documents/Uni/Ruby/2/computerWorkshopCRM/workshop-crm/config/initializers/inflections.rb": [
        null,
        null,
        null,
        null,
        null,
        null,
        null,
        null,
        null,
        null,
        null,
        null,
        null,
        null,
        null,
        null
      ],
      "/home/marijus/Documents/Uni/Ruby/2/computerWorkshopCRM/workshop-crm/config/initializers/mime_types.rb": [
        null,
        null,
        null,
        null
      ],
      "/home/marijus/Documents/Uni/Ruby/2/computerWorkshopCRM/workshop-crm/config/initializers/session_store.rb": [
        null,
        null,
        1
      ],
      "/home/marijus/Documents/Uni/Ruby/2/computerWorkshopCRM/workshop-crm/config/initializers/wrap_parameters.rb": [
        null,
        null,
        null,
        null,
        null,
        null,
        1,
        1,
        null,
        null,
        null,
        null,
        null,
        null
      ],
      "/home/marijus/Documents/Uni/Ruby/2/computerWorkshopCRM/workshop-crm/config/routes.rb": [
        1,
        null,
        null,
        null,
        null,
        null,
        null,
        null,
        null,
        null,
        null,
        null,
        null,
        null,
        null,
        null,
        null,
        null,
        null,
        null,
        null,
        null,
        null,
        null,
        null,
        null,
        null,
        null,
        null,
        null,
        null,
        null,
        null,
        null,
        null,
        null,
        null,
        null,
        null,
        null,
        null,
        null,
        null,
        null,
        null,
        null,
        null,
        null,
        null,
        null,
        null,
        null,
        null,
        null,
        null,
        1,
        1,
        null,
        null
      ],
      "/home/marijus/Documents/Uni/Ruby/2/computerWorkshopCRM/workshop-crm/app/helpers/application_helper.rb": [
        1,
        null
      ],
      "/home/marijus/Documents/Uni/Ruby/2/computerWorkshopCRM/workshop-crm/app/helpers/date_helper.rb": [
        null,
        1,
        1,
        4,
        4,
        null,
        null
      ],
      "/home/marijus/Documents/Uni/Ruby/2/computerWorkshopCRM/workshop-crm/app/helpers/orders_helper.rb": [
        1,
        null
      ],
      "/home/marijus/Documents/Uni/Ruby/2/computerWorkshopCRM/workshop-crm/spec/computer_spec.rb": [
        1,
        null,
        1,
        1,
        null,
        1,
        1,
        1,
        null,
        null,
        1,
        1,
        1,
        1,
        null,
        null
      ],
      "/home/marijus/Documents/Uni/Ruby/2/computerWorkshopCRM/workshop-crm/spec/discount_spec.rb": [
        1,
        null,
        1,
        1,
        2,
        3,
        null,
        1,
        1,
        1,
        1,
        null,
        null,
        null,
        1,
        1,
        1,
        null,
        null,
        null,
        null,
        1,
        1,
        1,
        null,
        null,
        1,
        1,
        1,
        null,
        null,
        null,
        1,
        1,
        1,
        null,
        null,
        null
      ],
      "/home/marijus/Documents/Uni/Ruby/2/computerWorkshopCRM/workshop-crm/spec/employee_spec.rb": [
        1,
        null,
        1,
        1,
        2,
        null,
        1,
        1,
        null,
        null
      ],
      "/home/marijus/Documents/Uni/Ruby/2/computerWorkshopCRM/workshop-crm/app/models/employee.rb": [
        null,
        1,
        1,
        null,
        1,
        2,
        null,
        null
      ],
      "/home/marijus/Documents/Uni/Ruby/2/computerWorkshopCRM/workshop-crm/spec/models/tasks_to_order_detail_spec.rb": [
        null,
        null,
        null,
        null,
        null
      ],
      "/home/marijus/Documents/Uni/Ruby/2/computerWorkshopCRM/workshop-crm/spec/order_spec.rb": [
        1,
        1,
        null,
        1,
        1,
        1,
        1,
        1,
        1,
        1,
        13,
        2,
        2,
        null,
        1,
        1,
        1,
        1,
        null,
        null,
        1,
        1,
        1,
        null,
        null,
        null,
        1,
        1,
        1,
        1,
        null,
        null,
        1,
        1,
        1,
        null,
        null,
        1,
        1,
        1,
        null,
        null,
        1,
        1,
        1,
        null,
        null,
        null,
        1,
        1,
        null,
        null,
        1,
        3,
        2,
        null,
        1,
        1,
        1,
        1,
        1,
        null,
        null,
        1,
        1,
        1,
        null,
        null,
        1,
        1,
        1,
        null,
        null,
        1,
        1,
        1,
        1,
        null,
        null,
        null,
        1,
        1,
        1,
        null,
        null,
        null,
        null,
        null,
        null,
        null,
        null,
        null
      ],
      "/home/marijus/Documents/Uni/Ruby/2/computerWorkshopCRM/workshop-crm/spec/task_spec.rb": [
        1,
        null,
        1,
        1,
        2,
        null,
        1,
        1,
        null,
        null
      ],
      "/home/marijus/Documents/Uni/Ruby/2/computerWorkshopCRM/workshop-crm/app/models/client.rb": [
        1,
        1,
        1,
        1,
        null,
        1,
        1,
        1,
        1,
        1,
        1,
        null,
        null,
        1,
        1,
        null,
        null
      ],
      "/home/marijus/Documents/Uni/Ruby/2/computerWorkshopCRM/workshop-crm/app/models/computer.rb": [
        1,
        1,
        1,
        null,
        1,
        2,
        null,
        null
      ],
      "/home/marijus/Documents/Uni/Ruby/2/computerWorkshopCRM/workshop-crm/app/models/discount.rb": [
        1,
        1,
        1,
        null,
        1,
        null,
        1,
        5,
        null,
        5,
        null,
        2,
        null,
        3,
        null,
        null,
        5,
        null,
        null,
        1,
        2,
        1,
        null,
        1,
        null,
        null,
        null,
        1,
        null,
        2,
        1,
        null,
        1,
        null,
        null,
        null
      ],
      "/home/marijus/Documents/Uni/Ruby/2/computerWorkshopCRM/workshop-crm/app/models/discounts_to_order_detail.rb": [
        1,
        1,
        1,
        null
      ],
      "/home/marijus/Documents/Uni/Ruby/2/computerWorkshopCRM/workshop-crm/app/models/task.rb": [
        1,
        1,
        null,
        1,
        5,
        null,
        null
      ],
      "/home/marijus/Documents/Uni/Ruby/2/computerWorkshopCRM/workshop-crm/app/models/order.rb": [
        null,
        1,
        1,
        1,
        null,
        1,
        null,
        null,
        null,
        null,
        null,
        null,
        null,
        null,
        1,
        5,
        13,
        5,
        null,
        null,
        1,
        4,
        2,
        null,
        2,
        null,
        null,
        null,
        1,
        4,
        12,
        4,
        null,
        null,
        1,
        4,
        null,
        null,
        1,
        4,
        null,
        4,
        4,
        4,
        null,
        null,
        4,
        null,
        null,
        1,
        1,
        null,
        null,
        1,
        null,
        null,
        null,
        null,
        null,
        null,
        1,
        null,
        null,
        1,
        1,
        1,
        8,
        null,
        1,
        null,
        null
      ],
      "/home/marijus/Documents/Uni/Ruby/2/computerWorkshopCRM/workshop-crm/app/models/order_detail.rb": [
        null,
        1,
        1,
        1,
        1,
        1,
        null,
        1,
        1,
        1,
        1,
        1,
        1,
        1,
        null,
        1,
        2,
        2,
        1,
        2,
        null,
        null,
        null,
        null,
        1,
        null,
        null,
        null,
        null,
        1,
        null,
        null
      ],
      "/home/marijus/Documents/Uni/Ruby/2/computerWorkshopCRM/workshop-crm/app/models/tasks_to_order_detail.rb": [
        1,
        1,
        1,
        null
      ]
    },
    "timestamp": 1449934209
  }
}
